<?xml version="1.0" encoding="UTF-8"?>
<!-- Generated by org.testng.reporters.JUnitReportReporter -->
<testsuite skipped="0" hostname="DESKTOP-2R1KQ76" name="com.eckovation.scripts.dummy" tests="1" failures="0" timestamp="01 Jul 2017 11:34:30 GMT" time="31.731" errors="0">
  <testcase name="signInTest" time="31.731" classname="com.eckovation.scripts.dummy"/>
</testsuite> <!-- com.eckovation.scripts.dummy -->
